{
  "a": {
    "array": [
      1,
      2,
      3
    ],
    "boolean": true,
    "char": "π",
    "int": 42,
    "number": 1.23,
    "string'": "πr²",
    "one": 1
  },
  "b": {
    "b": {
      "a": {
        "a": 0,
        "b": {
          "a": 0,
          "b": {
            "a": 1,
            "b": {
              "b": {
                "b": {
                  "b": {
                    "a": 1,
                    "b": {
                      "b": {
                        "a": 1,
                        "b": {
                          "a": 2,
                          "b": {
                            "b": {}
                          }
                        }
                      }
                    }
                  }
                }
              }
            }
          }
        }
      },
      "b": {
        "b": {
          "a": "zeros",
          "b": {
            "a": "ones",
            "b": {
              "a": "others",
              "b": {
                "a": "others",
                "b": {
                  "a": {
                    "a": "true",
                    "b": {
                      "a": "pi",
                      "b": {
                        "a": "other",
                        "b": {
                          "a": "other",
                          "b": {
                            "a": "hi",
                            "b": {
                              "a": {
                                "a": 0,
                                "b": {
                                  "a": 1,
                                  "b": {
                                    "a": 5,
                                    "b": 9
                                  }
                                }
                              },
                              "b": {
                                "b": {
                                  "b": {
                                    "b": {
                                      "b": {
                                        "b": {
                                          "b": {
                                            "b": {
                                              "b": {}
                                            }
                                          }
                                        }
                                      }
                                    }
                                  }
                                }
                              }
                            }
                          }
                        }
                      }
                    }
                  },
                  "b": {
                    "b": {
                      "a": {
                        "a": "Int",
                        "b": {
                          "a": "Number",
                          "b": {
                            "a": "Array",
                            "b": "Array"
                          }
                        }
                      }
                    }
                  }
                }
              }
            }
          }
        }
      }
    }
  }
}
